<?xml version="1.0" encoding="UTF-8"?>
<testsuite name="= BookShelf Specification =" tests="2" skipped="0" failures="0" errors="0" timestamp="2022-06-22T22:36:44" hostname="DESKTOP-JJTERBG" time="0.026">
  <properties/>
  <testcase name="is empty when no book is added to it" classname="bookstoread.BookShelfSpec" time="0.023"/>
  <testcase name="must contain two books in BookShelf when add 2 books" classname="bookstoread.BookShelfSpec" time="0.002"/>
  <system-out><![CDATA[]]></system-out>
  <system-err><![CDATA[]]></system-err>
</testsuite>
