<?xml version="1.0" encoding="UTF-8"?>
<testsuite name="After adding books" tests="3" skipped="0" failures="0" errors="0" timestamp="2022-09-11T19:57:44" hostname="DESKTOP-JJTERBG" time="0.012">
  <properties/>
  <testcase name="must clients not be able to modify books for bookshelf" classname="bookstoread.BookShelfSpec$BooksAreAdded" time="0.005"/>
  <testcase name="must contain two books in BookShelf when add 2 books" classname="bookstoread.BookShelfSpec$BooksAreAdded" time="0.002"/>
  <testcase name="must books in bookshelf be in insertion order after calling arrange method" classname="bookstoread.BookShelfSpec$BooksAreAdded" time="0.003"/>
  <system-out><![CDATA[]]></system-out>
  <system-err><![CDATA[]]></system-err>
</testsuite>
